c:\users\user\downloads\研究所\計算機圖學\final project\1223\build\hw3\filter.obj
c:\users\user\downloads\研究所\計算機圖學\final project\1223\build\hw3\shadow.obj
c:\users\user\downloads\研究所\計算機圖學\final project\1223\build\hw3\shadowlight.obj
c:\users\user\downloads\研究所\計算機圖學\final project\1223\build\hw3\light.obj
c:\users\user\downloads\研究所\計算機圖學\final project\1223\build\hw3\main.obj
c:\users\user\downloads\研究所\計算機圖學\final project\1223\build\hw3\player.obj
c:\users\user\downloads\研究所\計算機圖學\final project\1223\build\hw3\skybox.obj
c:\users\user\downloads\研究所\計算機圖學\final project\1223\build\hw3\camera.obj
c:\users\user\downloads\研究所\計算機圖學\final project\1223\build\hw3\gl_helper.obj
c:\users\user\downloads\研究所\計算機圖學\final project\1223\build\hw3\program.obj
c:\users\user\downloads\研究所\計算機圖學\final project\1223\build\hw3\bitmap.obj
c:\users\user\downloads\研究所\計算機圖學\final project\1223\build\hw3\opengl_context.obj
c:\users\user\downloads\研究所\計算機圖學\final project\1223\build\hw3\model.obj
c:\users\user\downloads\研究所\計算機圖學\final project\1223\build\hw3\vc142.pdb
c:\users\user\downloads\研究所\計算機圖學\final project\0102\build\hw3\filter.obj
c:\users\user\downloads\研究所\計算機圖學\final project\0102\build\hw3\program.obj
c:\users\user\downloads\研究所\計算機圖學\final project\0102\build\hw3\model.obj
c:\users\user\downloads\研究所\計算機圖學\final project\0102\build\hw3\bitmap.obj
c:\users\user\downloads\研究所\計算機圖學\final project\0102\build\hw3\skybox.obj
c:\users\user\downloads\研究所\計算機圖學\final project\0102\build\hw3\gl_helper.obj
c:\users\user\downloads\研究所\計算機圖學\final project\0102\build\hw3\opengl_context.obj
c:\users\user\downloads\研究所\計算機圖學\final project\0102\build\hw3\camera.obj
c:\users\user\downloads\研究所\計算機圖學\final project\0102\build\hw3\shadow.obj
c:\users\user\downloads\研究所\計算機圖學\final project\0102\build\hw3\shadowlight.obj
c:\users\user\downloads\研究所\計算機圖學\final project\0102\build\hw3\light.obj
c:\users\user\downloads\研究所\計算機圖學\final project\0102\build\hw3\main.obj
c:\users\user\downloads\研究所\計算機圖學\final project\0102\build\hw3\player.obj
c:\users\user\downloads\研究所\計算機圖學\final project\0102\build\hw3\vc142.pdb
d:\google drive(yzu)\我的雲端硬碟\nycu\course\111-1 計算機圖學 computer graphics\final project\group_02_code\build\hw3\model.obj
d:\google drive(yzu)\我的雲端硬碟\nycu\course\111-1 計算機圖學 computer graphics\final project\group_02_code\build\hw3\skybox.obj
d:\google drive(yzu)\我的雲端硬碟\nycu\course\111-1 計算機圖學 computer graphics\final project\group_02_code\build\hw3\filter.obj
d:\google drive(yzu)\我的雲端硬碟\nycu\course\111-1 計算機圖學 computer graphics\final project\group_02_code\build\hw3\main.obj
d:\google drive(yzu)\我的雲端硬碟\nycu\course\111-1 計算機圖學 computer graphics\final project\group_02_code\build\hw3\player.obj
d:\google drive(yzu)\我的雲端硬碟\nycu\course\111-1 計算機圖學 computer graphics\final project\group_02_code\build\hw3\program.obj
d:\google drive(yzu)\我的雲端硬碟\nycu\course\111-1 計算機圖學 computer graphics\final project\group_02_code\build\hw3\shadowlight.obj
d:\google drive(yzu)\我的雲端硬碟\nycu\course\111-1 計算機圖學 computer graphics\final project\group_02_code\build\hw3\light.obj
d:\google drive(yzu)\我的雲端硬碟\nycu\course\111-1 計算機圖學 computer graphics\final project\group_02_code\build\hw3\shadow.obj
d:\google drive(yzu)\我的雲端硬碟\nycu\course\111-1 計算機圖學 computer graphics\final project\group_02_code\build\hw3\camera.obj
d:\google drive(yzu)\我的雲端硬碟\nycu\course\111-1 計算機圖學 computer graphics\final project\group_02_code\build\hw3\bitmap.obj
d:\google drive(yzu)\我的雲端硬碟\nycu\course\111-1 計算機圖學 computer graphics\final project\group_02_code\build\hw3\gl_helper.obj
d:\google drive(yzu)\我的雲端硬碟\nycu\course\111-1 計算機圖學 computer graphics\final project\group_02_code\build\hw3\opengl_context.obj
d:\google drive(yzu)\我的雲端硬碟\nycu\course\111-1 計算機圖學 computer graphics\final project\group_02_code\build\hw3\vc142.pdb
c:\users\user\downloads\研究所\計算機圖學\final project\1223\bin\final_project.exe
c:\users\user\downloads\研究所\計算機圖學\final project\1223\build\hw3\final_project.ipdb
c:\users\user\downloads\研究所\計算機圖學\final project\1223\build\hw3\final_project.iobj
c:\users\user\downloads\研究所\計算機圖學\final project\0102\bin\final_project.exe
c:\users\user\downloads\研究所\計算機圖學\final project\0102\build\hw3\final_project.ipdb
c:\users\user\downloads\研究所\計算機圖學\final project\0102\build\hw3\final_project.iobj
d:\google drive(yzu)\我的雲端硬碟\nycu\course\111-1 計算機圖學 computer graphics\final project\group_02_code\build\hw3\final_project.ilk
d:\google drive(yzu)\我的雲端硬碟\nycu\course\111-1 計算機圖學 computer graphics\final project\group_02_code\bin\final_project.exe
d:\google drive(yzu)\我的雲端硬碟\nycu\course\111-1 計算機圖學 computer graphics\final project\group_02_code\bin\final_project.pdb
d:\google drive(yzu)\我的雲端硬碟\nycu\course\111-1 計算機圖學 computer graphics\final project\group_02_code\build\hw3\final_project.ipdb
d:\google drive(yzu)\我的雲端硬碟\nycu\course\111-1 計算機圖學 computer graphics\final project\group_02_code\build\hw3\final_project.iobj
d:\google drive(yzu)\我的雲端硬碟\nycu\course\111-1 計算機圖學 computer graphics\final project\group_02_code\build\hw3\vc142.idb
d:\google drive(yzu)\我的雲端硬碟\nycu\course\111-1 計算機圖學 computer graphics\final project\group_02_code\vs2019\..\bin\final_project.pdb
d:\google drive(yzu)\我的雲端硬碟\nycu\course\111-1 計算機圖學 computer graphics\final project\group_02_code\build\hw3\final_project.tlog\cl.command.1.tlog
d:\google drive(yzu)\我的雲端硬碟\nycu\course\111-1 計算機圖學 computer graphics\final project\group_02_code\build\hw3\final_project.tlog\cl.read.1.tlog
d:\google drive(yzu)\我的雲端硬碟\nycu\course\111-1 計算機圖學 computer graphics\final project\group_02_code\build\hw3\final_project.tlog\cl.write.1.tlog
d:\google drive(yzu)\我的雲端硬碟\nycu\course\111-1 計算機圖學 computer graphics\final project\group_02_code\build\hw3\final_project.tlog\link.command.1.tlog
d:\google drive(yzu)\我的雲端硬碟\nycu\course\111-1 計算機圖學 computer graphics\final project\group_02_code\build\hw3\final_project.tlog\link.read.1.tlog
d:\google drive(yzu)\我的雲端硬碟\nycu\course\111-1 計算機圖學 computer graphics\final project\group_02_code\build\hw3\final_project.tlog\link.write.1.tlog
