c:\users\user\downloads\研究所\計算機圖學\final project\1223\build\glfw\win32_joystick.obj
c:\users\user\downloads\研究所\計算機圖學\final project\1223\build\glfw\wgl_context.obj
c:\users\user\downloads\研究所\計算機圖學\final project\1223\build\glfw\win32_window.obj
c:\users\user\downloads\研究所\計算機圖學\final project\1223\build\glfw\win32_monitor.obj
c:\users\user\downloads\研究所\計算機圖學\final project\1223\build\glfw\win32_init.obj
c:\users\user\downloads\研究所\計算機圖學\final project\1223\build\glfw\window.obj
c:\users\user\downloads\研究所\計算機圖學\final project\1223\build\glfw\init.obj
c:\users\user\downloads\研究所\計算機圖學\final project\1223\build\glfw\vulkan.obj
c:\users\user\downloads\研究所\計算機圖學\final project\1223\build\glfw\osmesa_context.obj
c:\users\user\downloads\研究所\計算機圖學\final project\1223\build\glfw\win32_thread.obj
c:\users\user\downloads\研究所\計算機圖學\final project\1223\build\glfw\egl_context.obj
c:\users\user\downloads\研究所\計算機圖學\final project\1223\build\glfw\input.obj
c:\users\user\downloads\研究所\計算機圖學\final project\1223\build\glfw\win32_time.obj
c:\users\user\downloads\研究所\計算機圖學\final project\1223\build\glfw\context.obj
c:\users\user\downloads\研究所\計算機圖學\final project\1223\build\glfw\monitor.obj
c:\users\user\downloads\研究所\計算機圖學\final project\0102\build\glfw\egl_context.obj
c:\users\user\downloads\研究所\計算機圖學\final project\0102\build\glfw\input.obj
c:\users\user\downloads\研究所\計算機圖學\final project\0102\build\glfw\osmesa_context.obj
c:\users\user\downloads\研究所\計算機圖學\final project\0102\build\glfw\win32_window.obj
c:\users\user\downloads\研究所\計算機圖學\final project\0102\build\glfw\win32_time.obj
c:\users\user\downloads\研究所\計算機圖學\final project\0102\build\glfw\wgl_context.obj
c:\users\user\downloads\研究所\計算機圖學\final project\0102\build\glfw\win32_monitor.obj
c:\users\user\downloads\研究所\計算機圖學\final project\0102\build\glfw\win32_joystick.obj
c:\users\user\downloads\研究所\計算機圖學\final project\0102\build\glfw\init.obj
c:\users\user\downloads\研究所\計算機圖學\final project\0102\build\glfw\win32_thread.obj
c:\users\user\downloads\研究所\計算機圖學\final project\0102\build\glfw\win32_init.obj
c:\users\user\downloads\研究所\計算機圖學\final project\0102\build\glfw\monitor.obj
c:\users\user\downloads\研究所\計算機圖學\final project\0102\build\glfw\window.obj
c:\users\user\downloads\研究所\計算機圖學\final project\0102\build\glfw\context.obj
c:\users\user\downloads\研究所\計算機圖學\final project\0102\build\glfw\vulkan.obj
d:\google drive(yzu)\我的雲端硬碟\nycu\course\111-1 計算機圖學 computer graphics\final project\group_02_code\build\glfw\win32_joystick.obj
d:\google drive(yzu)\我的雲端硬碟\nycu\course\111-1 計算機圖學 computer graphics\final project\group_02_code\build\glfw\wgl_context.obj
d:\google drive(yzu)\我的雲端硬碟\nycu\course\111-1 計算機圖學 computer graphics\final project\group_02_code\build\glfw\vulkan.obj
d:\google drive(yzu)\我的雲端硬碟\nycu\course\111-1 計算機圖學 computer graphics\final project\group_02_code\build\glfw\egl_context.obj
d:\google drive(yzu)\我的雲端硬碟\nycu\course\111-1 計算機圖學 computer graphics\final project\group_02_code\build\glfw\win32_window.obj
d:\google drive(yzu)\我的雲端硬碟\nycu\course\111-1 計算機圖學 computer graphics\final project\group_02_code\build\glfw\init.obj
d:\google drive(yzu)\我的雲端硬碟\nycu\course\111-1 計算機圖學 computer graphics\final project\group_02_code\build\glfw\win32_monitor.obj
d:\google drive(yzu)\我的雲端硬碟\nycu\course\111-1 計算機圖學 computer graphics\final project\group_02_code\build\glfw\win32_init.obj
d:\google drive(yzu)\我的雲端硬碟\nycu\course\111-1 計算機圖學 computer graphics\final project\group_02_code\build\glfw\osmesa_context.obj
d:\google drive(yzu)\我的雲端硬碟\nycu\course\111-1 計算機圖學 computer graphics\final project\group_02_code\build\glfw\win32_time.obj
d:\google drive(yzu)\我的雲端硬碟\nycu\course\111-1 計算機圖學 computer graphics\final project\group_02_code\build\glfw\input.obj
d:\google drive(yzu)\我的雲端硬碟\nycu\course\111-1 計算機圖學 computer graphics\final project\group_02_code\build\glfw\win32_thread.obj
d:\google drive(yzu)\我的雲端硬碟\nycu\course\111-1 計算機圖學 computer graphics\final project\group_02_code\build\glfw\window.obj
d:\google drive(yzu)\我的雲端硬碟\nycu\course\111-1 計算機圖學 computer graphics\final project\group_02_code\build\glfw\monitor.obj
d:\google drive(yzu)\我的雲端硬碟\nycu\course\111-1 計算機圖學 computer graphics\final project\group_02_code\build\glfw\context.obj
d:\google drive(yzu)\我的雲端硬碟\nycu\course\111-1 計算機圖學 computer graphics\final project\group_02_code\build\glfw\vc142.pdb
d:\google drive(yzu)\我的雲端硬碟\nycu\course\111-1 計算機圖學 computer graphics\final project\final project_1\lib\glfw3dll.lib
d:\google drive(yzu)\我的雲端硬碟\nycu\course\111-1 計算機圖學 computer graphics\final project\final project_1\lib\glfw3dll.exp
d:\google drive(yzu)\我的雲端硬碟\nycu\course\111-1 計算機圖學 computer graphics\final project\final project_2\lib\glfw3dll.lib
d:\google drive(yzu)\我的雲端硬碟\nycu\course\111-1 計算機圖學 computer graphics\final project\final project_2\lib\glfw3dll.exp
d:\google drive(yzu)\我的雲端硬碟\nycu\course\111-1 計算機圖學 computer graphics\final project\final project\lib\glfw3dll.lib
d:\google drive(yzu)\我的雲端硬碟\nycu\course\111-1 計算機圖學 computer graphics\final project\final project\lib\glfw3dll.exp
c:\users\user\downloads\研究所\計算機圖學\final project\1222\lib\glfw3dll.lib
c:\users\user\downloads\研究所\計算機圖學\final project\1222\lib\glfw3dll.exp
d:\google drive(yzu)\我的雲端硬碟\nycu\course\111-1 計算機圖學 computer graphics\final project\1223shadowwith bug\lib\glfw3dll.lib
d:\google drive(yzu)\我的雲端硬碟\nycu\course\111-1 計算機圖學 computer graphics\final project\1223shadowwith bug\lib\glfw3dll.exp
c:\users\user\downloads\研究所\計算機圖學\final project\1223\lib\glfw3dll.lib
c:\users\user\downloads\研究所\計算機圖學\final project\1223\lib\glfw3dll.exp
c:\users\user\downloads\研究所\計算機圖學\final project\0101\lib\glfw3dll.lib
c:\users\user\downloads\研究所\計算機圖學\final project\0101\lib\glfw3dll.exp
c:\users\user\downloads\研究所\計算機圖學\final project\0102\lib\glfw3dll.lib
c:\users\user\downloads\研究所\計算機圖學\final project\0102\lib\glfw3dll.exp
d:\google drive(yzu)\我的雲端硬碟\nycu\course\111-1 計算機圖學 computer graphics\final project\group_02_code\lib\glfw3dll.lib
d:\google drive(yzu)\我的雲端硬碟\nycu\course\111-1 計算機圖學 computer graphics\final project\group_02_code\lib\glfw3dll.exp
c:\users\user\downloads\研究所\計算機圖學\final project\1223\bin\glfw3.dll
c:\users\user\downloads\研究所\計算機圖學\final project\1223\build\glfw\glfw3.ipdb
c:\users\user\downloads\研究所\計算機圖學\final project\1223\build\glfw\glfw3.iobj
c:\users\user\downloads\研究所\計算機圖學\final project\0102\bin\glfw3.dll
c:\users\user\downloads\研究所\計算機圖學\final project\0102\build\glfw\glfw3.ipdb
c:\users\user\downloads\研究所\計算機圖學\final project\0102\build\glfw\glfw3.iobj
d:\google drive(yzu)\我的雲端硬碟\nycu\course\111-1 計算機圖學 computer graphics\final project\group_02_code\build\glfw\glfw3.ilk
d:\google drive(yzu)\我的雲端硬碟\nycu\course\111-1 計算機圖學 computer graphics\final project\group_02_code\bin\glfw3.dll
d:\google drive(yzu)\我的雲端硬碟\nycu\course\111-1 計算機圖學 computer graphics\final project\group_02_code\bin\glfw3.pdb
d:\google drive(yzu)\我的雲端硬碟\nycu\course\111-1 計算機圖學 computer graphics\final project\group_02_code\build\glfw\glfw3.ipdb
d:\google drive(yzu)\我的雲端硬碟\nycu\course\111-1 計算機圖學 computer graphics\final project\group_02_code\build\glfw\glfw3.iobj
d:\google drive(yzu)\我的雲端硬碟\nycu\course\111-1 計算機圖學 computer graphics\final project\group_02_code\build\glfw\vc142.idb
d:\google drive(yzu)\我的雲端硬碟\nycu\course\111-1 計算機圖學 computer graphics\final project\group_02_code\vs2019\..\bin\glfw3.pdb
d:\google drive(yzu)\我的雲端硬碟\nycu\course\111-1 計算機圖學 computer graphics\final project\group_02_code\build\glfw\glfw.tlog\cl.10008.write.1.tlog
d:\google drive(yzu)\我的雲端硬碟\nycu\course\111-1 計算機圖學 computer graphics\final project\group_02_code\build\glfw\glfw.tlog\cl.command.1.tlog
d:\google drive(yzu)\我的雲端硬碟\nycu\course\111-1 計算機圖學 computer graphics\final project\group_02_code\build\glfw\glfw.tlog\cl.read.1.tlog
d:\google drive(yzu)\我的雲端硬碟\nycu\course\111-1 計算機圖學 computer graphics\final project\group_02_code\build\glfw\glfw.tlog\glfw.write.1u.tlog
d:\google drive(yzu)\我的雲端硬碟\nycu\course\111-1 計算機圖學 computer graphics\final project\group_02_code\build\glfw\glfw.tlog\link.command.1.tlog
d:\google drive(yzu)\我的雲端硬碟\nycu\course\111-1 計算機圖學 computer graphics\final project\group_02_code\build\glfw\glfw.tlog\link.delete.1.tlog
d:\google drive(yzu)\我的雲端硬碟\nycu\course\111-1 計算機圖學 computer graphics\final project\group_02_code\build\glfw\glfw.tlog\link.read.1.tlog
d:\google drive(yzu)\我的雲端硬碟\nycu\course\111-1 計算機圖學 computer graphics\final project\group_02_code\build\glfw\glfw.tlog\link.write.1.tlog
